<?xml version="1.0" encoding="UTF-8" ?>
<testsuite tests="0" failures="0" name="com.xuecheng.orders.Test1" time="0" errors="0" skipped="0">
  <properties>
    <property name="idea.version" value="2023.2"/>
    <property name="java.runtime.name" value="OpenJDK Runtime Environment"/>
    <property name="sun.boot.library.path" value="C:\Users\郭植辉\.jdks\corretto-1.8.0_382\jre\bin"/>
    <property name="java.vm.version" value="25.382-b05"/>
    <property name="java.vm.vendor" value="Amazon.com Inc."/>
    <property name="maven.multiModuleProjectDirectory" value="D:\xuecheng-plus\xuecheng-plus-project\xuecheng-plus-orders"/>
    <property name="java.vendor.url" value="https://aws.amazon.com/corretto/"/>
    <property name="path.separator" value=";"/>
    <property name="guice.disable.misplaced.annotation.check" value="true"/>
    <property name="java.vm.name" value="OpenJDK 64-Bit Server VM"/>
    <property name="file.encoding.pkg" value="sun.io"/>
    <property name="user.script" value=""/>
    <property name="user.country" value="CN"/>
    <property name="sun.java.launcher" value="SUN_STANDARD"/>
    <property name="sun.os.patch.level" value=""/>
    <property name="java.vm.specification.name" value="Java Virtual Machine Specification"/>
    <property name="user.dir" value="D:\xuecheng-plus\xuecheng-plus-project\xuecheng-plus-orders"/>
    <property name="java.runtime.version" value="1.8.0_382-b05"/>
    <property name="java.awt.graphicsenv" value="sun.awt.Win32GraphicsEnvironment"/>
    <property name="java.endorsed.dirs" value="C:\Users\郭植辉\.jdks\corretto-1.8.0_382\jre\lib\endorsed"/>
    <property name="os.arch" value="amd64"/>
    <property name="java.io.tmpdir" value="C:\Users\郭植辉\AppData\Local\Temp\"/>
    <property name="line.separator" value="
"/>
    <property name="java.vm.specification.vendor" value="Oracle Corporation"/>
    <property name="user.variant" value=""/>
    <property name="os.name" value="Windows 11"/>
    <property name="maven.ext.class.path" value="C:\Program Files\JetBrains\IntelliJ IDEA 2023.2\plugins\maven\lib\maven-event-listener.jar"/>
    <property name="classworlds.conf" value="D:\maven\apache-maven-3.8.6\bin\m2.conf"/>
    <property name="sun.jnu.encoding" value="GBK"/>
    <property name="java.library.path" value="C:\Users\郭植辉\.jdks\corretto-1.8.0_382\bin;C:\WINDOWS\Sun\Java\bin;C:\WINDOWS\system32;C:\WINDOWS;C:\Python312\Scripts\;C:\Python312\;D:\weifuwujava\VMwaretools\VMware\bin\;C:\Program Files\Common Files\Oracle\Java\javapath;C:\Windows\system32;C:\Windows;C:\Windows\System32\Wbem;C:\Windows\System32\WindowsPowerShell\v1.0\;C:\Windows\System32\OpenSSH\;C:\Program Files (x86)\NVIDIA Corporation\PhysX\Common;C:\Program Files\NVIDIA Corporation\NVIDIA NvDLISR;C:\WINDOWS\system32;C:\WINDOWS;C:\WINDOWS\System32\Wbem;C:\WINDOWS\System32\WindowsPowerShell\v1.0\;C:\WINDOWS\System32\OpenSSH\;%MYSQL_HOME%\bin;D:\java\apache-maven-3.6.1-bin\apache-maven-3.6.1\bin;C:\Program Files\Cloudflare\Cloudflare WARP\;C:\Program Files\Java\jdk-11\bin;C:\Program Files\Java\jdk-11\jre\bin;C:\Program Files\MATLAB\R2023a\runtime\win64;C:\Program Files\MATLAB\R2023a\bin;C:\ProgramData\chocolatey\bin;C:\Program Files\dotnet\;D:\redis;C:\Users\郭植辉\AppData\Roaming\npm;:\Program Files\Git\cmd;D:\外卖项目\微信web开发者工具\dll;C:\Program Files\Git\cmd;C:\Program Files\nodejs\;D:\学成在线\学成在线项目—资料\day01 项目介绍&amp;环境搭建\资料\常用软件工具\ffmpeg;C:\Users\郭植辉\AppData\Local\Programs\Python\Python311\Scripts\;C:\Users\郭植辉\AppData\Local\Programs\Python\Python311\;C:\Users\郭植辉\AppData\Local\Microsoft\WindowsApps;C:\Program Files (x86)\Tencent\QQGameTempest\Hall.57795\;D:\123\PyCharm 2023.1\bin;;D:\vscode\Microsoft VS Code\bin;C:\Program Files\JetBrains\IntelliJ IDEA Community Edition 2021.3.2\bin;;D:\xiangmu\CLion 2023.1\bin;;D:\szlj\modelsim_ase\win32aloem;C:\Program Files\JetBrains\IntelliJ IDEA 2023.2\bin;;D:\SDK\platform-tools;D:\SDKtools;D:\weifuwujava\;C:\Users\郭植辉\AppData\Roaming\npm;."/>
    <property name="jansi.passthrough" value="true"/>
    <property name="maven.conf" value="D:\maven\apache-maven-3.8.6/conf"/>
    <property name="java.specification.name" value="Java Platform API Specification"/>
    <property name="java.class.version" value="52.0"/>
    <property name="sun.management.compiler" value="HotSpot 64-Bit Tiered Compilers"/>
    <property name="maven.repo.local" value="D:\maven\apache-maven-3.8.6\repository"/>
    <property name="os.version" value="10.0"/>
    <property name="user.home" value="C:\Users\郭植辉"/>
    <property name="user.timezone" value="Asia/Shanghai"/>
    <property name="java.awt.printerjob" value="sun.awt.windows.WPrinterJob"/>
    <property name="java.specification.version" value="1.8"/>
    <property name="file.encoding" value="UTF-8"/>
    <property name="user.name" value="郭植辉"/>
    <property name="java.class.path" value="D:\maven\apache-maven-3.8.6\boot\plexus-classworlds-2.6.0.jar;D:\maven\apache-maven-3.8.6\boot\plexus-classworlds.license;C:\Program Files\JetBrains\IntelliJ IDEA 2023.2\lib\idea_rt.jar"/>
    <property name="java.vm.specification.version" value="1.8"/>
    <property name="sun.arch.data.model" value="64"/>
    <property name="java.home" value="C:\Users\郭植辉\.jdks\corretto-1.8.0_382\jre"/>
    <property name="sun.java.command" value="org.codehaus.classworlds.Launcher -Didea.version=2023.2 -s D:\maven\apache-maven-3.8.6\conf\settings.xml -Dmaven.repo.local=D:\maven\apache-maven-3.8.6\repository clean install"/>
    <property name="java.specification.vendor" value="Oracle Corporation"/>
    <property name="user.language" value="zh"/>
    <property name="awt.toolkit" value="sun.awt.windows.WToolkit"/>
    <property name="java.vm.info" value="mixed mode"/>
    <property name="java.version" value="1.8.0_382"/>
    <property name="java.ext.dirs" value="C:\Users\郭植辉\.jdks\corretto-1.8.0_382\jre\lib\ext;C:\WINDOWS\Sun\Java\lib\ext"/>
    <property name="sun.boot.class.path" value="C:\Users\郭植辉\.jdks\corretto-1.8.0_382\jre\lib\resources.jar;C:\Users\郭植辉\.jdks\corretto-1.8.0_382\jre\lib\rt.jar;C:\Users\郭植辉\.jdks\corretto-1.8.0_382\jre\lib\sunrsasign.jar;C:\Users\郭植辉\.jdks\corretto-1.8.0_382\jre\lib\jsse.jar;C:\Users\郭植辉\.jdks\corretto-1.8.0_382\jre\lib\jce.jar;C:\Users\郭植辉\.jdks\corretto-1.8.0_382\jre\lib\charsets.jar;C:\Users\郭植辉\.jdks\corretto-1.8.0_382\jre\lib\jfr.jar;C:\Users\郭植辉\.jdks\corretto-1.8.0_382\jre\classes"/>
    <property name="java.vendor" value="Amazon.com Inc."/>
    <property name="java.specification.maintenance.version" value="5"/>
    <property name="maven.home" value="D:\maven\apache-maven-3.8.6"/>
    <property name="file.separator" value="\"/>
    <property name="java.vendor.url.bug" value="https://github.com/corretto/corretto-8/issues/"/>
    <property name="sun.cpu.endian" value="little"/>
    <property name="sun.io.unicode.encoding" value="UnicodeLittle"/>
    <property name="sun.desktop" value="windows"/>
    <property name="sun.cpu.isalist" value="amd64"/>
  </properties>
</testsuite>